2025-02-24T22:53:20.873+05:30  INFO 15668 --- [restartedMain] c.u.e.EmployeePayrollAppApplication      : Starting EmployeePayrollAppApplication using Java 21.0.1 with PID 15668 (C:\Users\cw\IdeaProjects\employee_payroll_app\target\classes started by cw in C:\Users\cw\IdeaProjects\employee_payroll_app)
2025-02-24T22:53:20.883+05:30  INFO 15668 --- [restartedMain] c.u.e.EmployeePayrollAppApplication      : No active profile set, falling back to 1 default profile: "default"
2025-02-24T22:53:20.943+05:30  INFO 15668 --- [restartedMain] .e.DevToolsPropertyDefaultsPostProcessor : Devtools property defaults active! Set 'spring.devtools.add-properties' to 'false' to disable
2025-02-24T22:53:20.948+05:30  INFO 15668 --- [restartedMain] .e.DevToolsPropertyDefaultsPostProcessor : For additional web related logging consider setting the 'logging.level.web' property to 'DEBUG'
2025-02-24T22:53:21.885+05:30  INFO 15668 --- [restartedMain] .s.d.r.c.RepositoryConfigurationDelegate : Bootstrapping Spring Data JPA repositories in DEFAULT mode.
2025-02-24T22:53:21.999+05:30  INFO 15668 --- [restartedMain] .s.d.r.c.RepositoryConfigurationDelegate : Finished Spring Data repository scanning in 92 ms. Found 4 JPA repository interfaces.
2025-02-24T22:53:22.822+05:30  INFO 15668 --- [restartedMain] o.s.b.w.embedded.tomcat.TomcatWebServer  : Tomcat initialized with port 8080 (http)
2025-02-24T22:53:22.828+05:30  INFO 15668 --- [restartedMain] o.apache.catalina.core.StandardService   : Starting service [Tomcat]
2025-02-24T22:53:22.828+05:30  INFO 15668 --- [restartedMain] o.apache.catalina.core.StandardEngine    : Starting Servlet engine: [Apache Tomcat/10.1.36]
2025-02-24T22:53:22.876+05:30  INFO 15668 --- [restartedMain] o.a.c.c.C.[Tomcat].[localhost].[/]       : Initializing Spring embedded WebApplicationContext
2025-02-24T22:53:22.876+05:30  INFO 15668 --- [restartedMain] w.s.c.ServletWebServerApplicationContext : Root WebApplicationContext: initialization completed in 1928 ms
2025-02-24T22:53:23.116+05:30  INFO 15668 --- [restartedMain] o.hibernate.jpa.internal.util.LogHelper  : HHH000204: Processing PersistenceUnitInfo [name: default]
2025-02-24T22:53:23.195+05:30  INFO 15668 --- [restartedMain] org.hibernate.Version                    : HHH000412: Hibernate ORM core version 6.6.8.Final
2025-02-24T22:53:23.255+05:30  INFO 15668 --- [restartedMain] o.h.c.internal.RegionFactoryInitiator    : HHH000026: Second-level cache disabled
2025-02-24T22:53:23.685+05:30  INFO 15668 --- [restartedMain] o.s.o.j.p.SpringPersistenceUnitInfo      : No LoadTimeWeaver setup: ignoring JPA class transformer
2025-02-24T22:53:23.722+05:30  INFO 15668 --- [restartedMain] com.zaxxer.hikari.HikariDataSource       : HikariPool-1 - Starting...
2025-02-24T22:53:23.939+05:30  INFO 15668 --- [restartedMain] com.zaxxer.hikari.pool.HikariPool        : HikariPool-1 - Added connection com.mysql.cj.jdbc.ConnectionImpl@fee8cf7
2025-02-24T22:53:23.953+05:30  INFO 15668 --- [restartedMain] com.zaxxer.hikari.HikariDataSource       : HikariPool-1 - Start completed.
2025-02-24T22:53:23.971+05:30  WARN 15668 --- [restartedMain] org.hibernate.orm.deprecation            : HHH90000025: MySQL8Dialect does not need to be specified explicitly using 'hibernate.dialect' (remove the property setting and it will be selected by default)
2025-02-24T22:53:23.971+05:30  WARN 15668 --- [restartedMain] org.hibernate.orm.deprecation            : HHH90000026: MySQL8Dialect has been deprecated; use org.hibernate.dialect.MySQLDialect instead
2025-02-24T22:53:23.988+05:30  INFO 15668 --- [restartedMain] org.hibernate.orm.connections.pooling    : HHH10001005: Database info:
	Database JDBC URL [Connecting through datasource 'HikariDataSource (HikariPool-1)']
	Database driver: undefined/unknown
	Database version: 8.0
	Autocommit mode: undefined/unknown
	Isolation level: undefined/unknown
	Minimum pool size: undefined/unknown
	Maximum pool size: undefined/unknown
2025-02-24T22:53:24.884+05:30  INFO 15668 --- [restartedMain] o.h.e.t.j.p.i.JtaPlatformInitiator       : HHH000489: No JTA platform available (set 'hibernate.transaction.jta.platform' to enable JTA platform integration)
2025-02-24T22:53:24.957+05:30  INFO 15668 --- [restartedMain] j.LocalContainerEntityManagerFactoryBean : Initialized JPA EntityManagerFactory for persistence unit 'default'
2025-02-24T22:53:25.272+05:30  WARN 15668 --- [restartedMain] ConfigServletWebServerApplicationContext : Exception encountered during context initialization - cancelling refresh attempt: org.springframework.beans.factory.UnsatisfiedDependencyException: Error creating bean with name 'employeeControllerFour': Unsatisfied dependency expressed through field 'service': No qualifying bean of type 'com.uc.employee_payroll_app.service.EmployeeServiceFour' available: expected single matching bean but found 2: employeeServiceImplFour,employeeServiceImplSix
2025-02-24T22:53:25.274+05:30  INFO 15668 --- [restartedMain] j.LocalContainerEntityManagerFactoryBean : Closing JPA EntityManagerFactory for persistence unit 'default'
2025-02-24T22:53:25.276+05:30  INFO 15668 --- [restartedMain] com.zaxxer.hikari.HikariDataSource       : HikariPool-1 - Shutdown initiated...
2025-02-24T22:53:25.288+05:30  INFO 15668 --- [restartedMain] com.zaxxer.hikari.HikariDataSource       : HikariPool-1 - Shutdown completed.
2025-02-24T22:53:25.292+05:30  INFO 15668 --- [restartedMain] o.apache.catalina.core.StandardService   : Stopping service [Tomcat]
2025-02-24T22:53:25.301+05:30  INFO 15668 --- [restartedMain] .s.b.a.l.ConditionEvaluationReportLogger : 

Error starting ApplicationContext. To display the condition evaluation report re-run your application with 'debug' enabled.
2025-02-24T22:53:25.346+05:30 ERROR 15668 --- [restartedMain] o.s.b.d.LoggingFailureAnalysisReporter   : 

***************************
APPLICATION FAILED TO START
***************************

Description:

Field service in com.uc.employee_payroll_app.controller.EmployeeControllerFour required a single bean, but 2 were found:
	- employeeServiceImplFour: defined in file [C:\Users\cw\IdeaProjects\employee_payroll_app\target\classes\com\uc\employee_payroll_app\service\EmployeeServiceImplFour.class]
	- employeeServiceImplSix: defined in file [C:\Users\cw\IdeaProjects\employee_payroll_app\target\classes\com\uc\employee_payroll_app\service\EmployeeServiceImplSix.class]

This may be due to missing parameter name information

Action:

Consider marking one of the beans as @Primary, updating the consumer to accept multiple beans, or using @Qualifier to identify the bean that should be consumed

Ensure that your compiler is configured to use the '-parameters' flag.
You may need to update both your build tool settings as well as your IDE.
(See https://github.com/spring-projects/spring-framework/wiki/Upgrading-to-Spring-Framework-6.x#parameter-name-retention)


2025-02-24T22:59:08.084+05:30  INFO 22180 --- [restartedMain] c.u.e.EmployeePayrollAppApplication      : Starting EmployeePayrollAppApplication using Java 21.0.1 with PID 22180 (C:\Users\cw\IdeaProjects\employee_payroll_app\target\classes started by cw in C:\Users\cw\IdeaProjects\employee_payroll_app)
2025-02-24T22:59:08.084+05:30  INFO 22180 --- [restartedMain] c.u.e.EmployeePayrollAppApplication      : No active profile set, falling back to 1 default profile: "default"
2025-02-24T22:59:08.165+05:30  INFO 22180 --- [restartedMain] .e.DevToolsPropertyDefaultsPostProcessor : Devtools property defaults active! Set 'spring.devtools.add-properties' to 'false' to disable
2025-02-24T22:59:08.165+05:30  INFO 22180 --- [restartedMain] .e.DevToolsPropertyDefaultsPostProcessor : For additional web related logging consider setting the 'logging.level.web' property to 'DEBUG'
2025-02-24T22:59:09.074+05:30  INFO 22180 --- [restartedMain] .s.d.r.c.RepositoryConfigurationDelegate : Bootstrapping Spring Data JPA repositories in DEFAULT mode.
2025-02-24T22:59:09.185+05:30  INFO 22180 --- [restartedMain] .s.d.r.c.RepositoryConfigurationDelegate : Finished Spring Data repository scanning in 96 ms. Found 4 JPA repository interfaces.
2025-02-24T22:59:10.044+05:30  INFO 22180 --- [restartedMain] o.s.b.w.embedded.tomcat.TomcatWebServer  : Tomcat initialized with port 8080 (http)
2025-02-24T22:59:10.063+05:30  INFO 22180 --- [restartedMain] o.apache.catalina.core.StandardService   : Starting service [Tomcat]
2025-02-24T22:59:10.063+05:30  INFO 22180 --- [restartedMain] o.apache.catalina.core.StandardEngine    : Starting Servlet engine: [Apache Tomcat/10.1.36]
2025-02-24T22:59:10.122+05:30  INFO 22180 --- [restartedMain] o.a.c.c.C.[Tomcat].[localhost].[/]       : Initializing Spring embedded WebApplicationContext
2025-02-24T22:59:10.122+05:30  INFO 22180 --- [restartedMain] w.s.c.ServletWebServerApplicationContext : Root WebApplicationContext: initialization completed in 1957 ms
2025-02-24T22:59:10.358+05:30  INFO 22180 --- [restartedMain] o.hibernate.jpa.internal.util.LogHelper  : HHH000204: Processing PersistenceUnitInfo [name: default]
2025-02-24T22:59:10.435+05:30  INFO 22180 --- [restartedMain] org.hibernate.Version                    : HHH000412: Hibernate ORM core version 6.6.8.Final
2025-02-24T22:59:10.483+05:30  INFO 22180 --- [restartedMain] o.h.c.internal.RegionFactoryInitiator    : HHH000026: Second-level cache disabled
2025-02-24T22:59:10.879+05:30  INFO 22180 --- [restartedMain] o.s.o.j.p.SpringPersistenceUnitInfo      : No LoadTimeWeaver setup: ignoring JPA class transformer
2025-02-24T22:59:10.920+05:30  INFO 22180 --- [restartedMain] com.zaxxer.hikari.HikariDataSource       : HikariPool-1 - Starting...
2025-02-24T22:59:11.135+05:30  INFO 22180 --- [restartedMain] com.zaxxer.hikari.pool.HikariPool        : HikariPool-1 - Added connection com.mysql.cj.jdbc.ConnectionImpl@6c433e6c
2025-02-24T22:59:11.141+05:30  INFO 22180 --- [restartedMain] com.zaxxer.hikari.HikariDataSource       : HikariPool-1 - Start completed.
2025-02-24T22:59:11.174+05:30  WARN 22180 --- [restartedMain] org.hibernate.orm.deprecation            : HHH90000025: MySQL8Dialect does not need to be specified explicitly using 'hibernate.dialect' (remove the property setting and it will be selected by default)
2025-02-24T22:59:11.174+05:30  WARN 22180 --- [restartedMain] org.hibernate.orm.deprecation            : HHH90000026: MySQL8Dialect has been deprecated; use org.hibernate.dialect.MySQLDialect instead
2025-02-24T22:59:11.202+05:30  INFO 22180 --- [restartedMain] org.hibernate.orm.connections.pooling    : HHH10001005: Database info:
	Database JDBC URL [Connecting through datasource 'HikariDataSource (HikariPool-1)']
	Database driver: undefined/unknown
	Database version: 8.0
	Autocommit mode: undefined/unknown
	Isolation level: undefined/unknown
	Minimum pool size: undefined/unknown
	Maximum pool size: undefined/unknown
2025-02-24T22:59:12.062+05:30  INFO 22180 --- [restartedMain] o.h.e.t.j.p.i.JtaPlatformInitiator       : HHH000489: No JTA platform available (set 'hibernate.transaction.jta.platform' to enable JTA platform integration)
2025-02-24T22:59:12.126+05:30  INFO 22180 --- [restartedMain] j.LocalContainerEntityManagerFactoryBean : Initialized JPA EntityManagerFactory for persistence unit 'default'
2025-02-24T22:59:12.443+05:30  WARN 22180 --- [restartedMain] ConfigServletWebServerApplicationContext : Exception encountered during context initialization - cancelling refresh attempt: org.springframework.beans.factory.UnsatisfiedDependencyException: Error creating bean with name 'employeeControllerFour': Unsatisfied dependency expressed through field 'service': No qualifying bean of type 'com.uc.employee_payroll_app.service.EmployeeServiceFour' available: expected single matching bean but found 2: employeeServiceImplFour,employeeServiceImplSix
2025-02-24T22:59:12.443+05:30  INFO 22180 --- [restartedMain] j.LocalContainerEntityManagerFactoryBean : Closing JPA EntityManagerFactory for persistence unit 'default'
2025-02-24T22:59:12.459+05:30  INFO 22180 --- [restartedMain] com.zaxxer.hikari.HikariDataSource       : HikariPool-1 - Shutdown initiated...
2025-02-24T22:59:12.459+05:30  INFO 22180 --- [restartedMain] com.zaxxer.hikari.HikariDataSource       : HikariPool-1 - Shutdown completed.
2025-02-24T22:59:12.475+05:30  INFO 22180 --- [restartedMain] o.apache.catalina.core.StandardService   : Stopping service [Tomcat]
2025-02-24T22:59:12.475+05:30  INFO 22180 --- [restartedMain] .s.b.a.l.ConditionEvaluationReportLogger : 

Error starting ApplicationContext. To display the condition evaluation report re-run your application with 'debug' enabled.
2025-02-24T22:59:12.506+05:30 ERROR 22180 --- [restartedMain] o.s.b.d.LoggingFailureAnalysisReporter   : 

***************************
APPLICATION FAILED TO START
***************************

Description:

Field service in com.uc.employee_payroll_app.controller.EmployeeControllerFour required a single bean, but 2 were found:
	- employeeServiceImplFour: defined in file [C:\Users\cw\IdeaProjects\employee_payroll_app\target\classes\com\uc\employee_payroll_app\service\EmployeeServiceImplFour.class]
	- employeeServiceImplSix: defined in file [C:\Users\cw\IdeaProjects\employee_payroll_app\target\classes\com\uc\employee_payroll_app\service\EmployeeServiceImplSix.class]

This may be due to missing parameter name information

Action:

Consider marking one of the beans as @Primary, updating the consumer to accept multiple beans, or using @Qualifier to identify the bean that should be consumed

Ensure that your compiler is configured to use the '-parameters' flag.
You may need to update both your build tool settings as well as your IDE.
(See https://github.com/spring-projects/spring-framework/wiki/Upgrading-to-Spring-Framework-6.x#parameter-name-retention)


2025-02-24T23:01:21.897+05:30  INFO 16480 --- [restartedMain] c.u.e.EmployeePayrollAppApplication      : Starting EmployeePayrollAppApplication using Java 21.0.1 with PID 16480 (C:\Users\cw\IdeaProjects\employee_payroll_app\target\classes started by cw in C:\Users\cw\IdeaProjects\employee_payroll_app)
2025-02-24T23:01:21.897+05:30  INFO 16480 --- [restartedMain] c.u.e.EmployeePayrollAppApplication      : No active profile set, falling back to 1 default profile: "default"
2025-02-24T23:01:21.945+05:30  INFO 16480 --- [restartedMain] .e.DevToolsPropertyDefaultsPostProcessor : Devtools property defaults active! Set 'spring.devtools.add-properties' to 'false' to disable
2025-02-24T23:01:21.945+05:30  INFO 16480 --- [restartedMain] .e.DevToolsPropertyDefaultsPostProcessor : For additional web related logging consider setting the 'logging.level.web' property to 'DEBUG'
2025-02-24T23:01:22.896+05:30  INFO 16480 --- [restartedMain] .s.d.r.c.RepositoryConfigurationDelegate : Bootstrapping Spring Data JPA repositories in DEFAULT mode.
2025-02-24T23:01:23.006+05:30  INFO 16480 --- [restartedMain] .s.d.r.c.RepositoryConfigurationDelegate : Finished Spring Data repository scanning in 91 ms. Found 4 JPA repository interfaces.
2025-02-24T23:01:23.870+05:30  INFO 16480 --- [restartedMain] o.s.b.w.embedded.tomcat.TomcatWebServer  : Tomcat initialized with port 8080 (http)
2025-02-24T23:01:23.886+05:30  INFO 16480 --- [restartedMain] o.apache.catalina.core.StandardService   : Starting service [Tomcat]
2025-02-24T23:01:23.887+05:30  INFO 16480 --- [restartedMain] o.apache.catalina.core.StandardEngine    : Starting Servlet engine: [Apache Tomcat/10.1.36]
2025-02-24T23:01:23.937+05:30  INFO 16480 --- [restartedMain] o.a.c.c.C.[Tomcat].[localhost].[/]       : Initializing Spring embedded WebApplicationContext
2025-02-24T23:01:23.937+05:30  INFO 16480 --- [restartedMain] w.s.c.ServletWebServerApplicationContext : Root WebApplicationContext: initialization completed in 1992 ms
2025-02-24T23:01:24.142+05:30  INFO 16480 --- [restartedMain] o.hibernate.jpa.internal.util.LogHelper  : HHH000204: Processing PersistenceUnitInfo [name: default]
2025-02-24T23:01:24.237+05:30  INFO 16480 --- [restartedMain] org.hibernate.Version                    : HHH000412: Hibernate ORM core version 6.6.8.Final
2025-02-24T23:01:24.291+05:30  INFO 16480 --- [restartedMain] o.h.c.internal.RegionFactoryInitiator    : HHH000026: Second-level cache disabled
2025-02-24T23:01:24.695+05:30  INFO 16480 --- [restartedMain] o.s.o.j.p.SpringPersistenceUnitInfo      : No LoadTimeWeaver setup: ignoring JPA class transformer
2025-02-24T23:01:24.739+05:30  INFO 16480 --- [restartedMain] com.zaxxer.hikari.HikariDataSource       : HikariPool-1 - Starting...
2025-02-24T23:01:24.937+05:30  INFO 16480 --- [restartedMain] com.zaxxer.hikari.pool.HikariPool        : HikariPool-1 - Added connection com.mysql.cj.jdbc.ConnectionImpl@34ee0154
2025-02-24T23:01:24.940+05:30  INFO 16480 --- [restartedMain] com.zaxxer.hikari.HikariDataSource       : HikariPool-1 - Start completed.
2025-02-24T23:01:24.951+05:30  WARN 16480 --- [restartedMain] org.hibernate.orm.deprecation            : HHH90000025: MySQL8Dialect does not need to be specified explicitly using 'hibernate.dialect' (remove the property setting and it will be selected by default)
2025-02-24T23:01:24.951+05:30  WARN 16480 --- [restartedMain] org.hibernate.orm.deprecation            : HHH90000026: MySQL8Dialect has been deprecated; use org.hibernate.dialect.MySQLDialect instead
2025-02-24T23:01:24.982+05:30  INFO 16480 --- [restartedMain] org.hibernate.orm.connections.pooling    : HHH10001005: Database info:
	Database JDBC URL [Connecting through datasource 'HikariDataSource (HikariPool-1)']
	Database driver: undefined/unknown
	Database version: 8.0
	Autocommit mode: undefined/unknown
	Isolation level: undefined/unknown
	Minimum pool size: undefined/unknown
	Maximum pool size: undefined/unknown
2025-02-24T23:01:25.853+05:30  INFO 16480 --- [restartedMain] o.h.e.t.j.p.i.JtaPlatformInitiator       : HHH000489: No JTA platform available (set 'hibernate.transaction.jta.platform' to enable JTA platform integration)
2025-02-24T23:01:25.927+05:30  INFO 16480 --- [restartedMain] j.LocalContainerEntityManagerFactoryBean : Initialized JPA EntityManagerFactory for persistence unit 'default'
2025-02-24T23:01:26.371+05:30  WARN 16480 --- [restartedMain] JpaBaseConfiguration$JpaWebConfiguration : spring.jpa.open-in-view is enabled by default. Therefore, database queries may be performed during view rendering. Explicitly configure spring.jpa.open-in-view to disable this warning
2025-02-24T23:01:26.835+05:30  INFO 16480 --- [restartedMain] o.s.b.d.a.OptionalLiveReloadServer       : LiveReload server is running on port 35729
2025-02-24T23:01:26.875+05:30  INFO 16480 --- [restartedMain] o.s.b.w.embedded.tomcat.TomcatWebServer  : Tomcat started on port 8080 (http) with context path '/'
2025-02-24T23:01:26.891+05:30  INFO 16480 --- [restartedMain] c.u.e.EmployeePayrollAppApplication      : Started EmployeePayrollAppApplication in 5.597 seconds (process running for 6.128)
2025-02-24T23:02:13.670+05:30  INFO 16480 --- [SpringApplicationShutdownHook] o.s.b.w.e.tomcat.GracefulShutdown        : Commencing graceful shutdown. Waiting for active requests to complete
2025-02-24T23:02:13.682+05:30  INFO 16480 --- [tomcat-shutdown] o.s.b.w.e.tomcat.GracefulShutdown        : Graceful shutdown complete
2025-02-24T23:02:13.688+05:30  INFO 16480 --- [SpringApplicationShutdownHook] j.LocalContainerEntityManagerFactoryBean : Closing JPA EntityManagerFactory for persistence unit 'default'
2025-02-24T23:02:13.688+05:30  INFO 16480 --- [SpringApplicationShutdownHook] com.zaxxer.hikari.HikariDataSource       : HikariPool-1 - Shutdown initiated...
2025-02-24T23:02:13.703+05:30  INFO 16480 --- [SpringApplicationShutdownHook] com.zaxxer.hikari.HikariDataSource       : HikariPool-1 - Shutdown completed.
